<?xml version="1.0" encoding="UTF-8"?>
<!-- Generated by org.testng.reporters.JUnitReportReporter -->
<testsuite hostname="Naganagouda" failures="0" tests="1" name="loginapi.Accountcreation" time="0.093" errors="0" timestamp="2025-05-30T13:21:46 IST" skipped="0">
  <testcase classname="loginapi.Accountcreation" name="acountcreation" time="0.093"/>
</testsuite> <!-- loginapi.Accountcreation -->
