<?xml version="1.0" encoding="UTF-8"?>
<!-- Generated by org.testng.reporters.JUnitReportReporter -->
<testsuite hostname="Naganagouda" failures="0" tests="1" name="loginapi.Logintest" time="2.141" errors="0" timestamp="2025-05-30T13:39:34 IST" skipped="0">
  <testcase classname="loginapi.Logintest" name="login" time="2.141"/>
</testsuite> <!-- loginapi.Logintest -->
